[debug] [2024-01-26T12:35:53.725Z] ----------------------------------------------------------------------
[debug] [2024-01-26T12:35:53.727Z] Command:       C:\Program Files\nodejs\node.exe C:\Users\emirs\AppData\Roaming\npm\node_modules\firebase-tools\lib\bin\firebase.js init
[debug] [2024-01-26T12:35:53.728Z] CLI Version:   13.0.3
[debug] [2024-01-26T12:35:53.728Z] Platform:      win32
[debug] [2024-01-26T12:35:53.728Z] Node Version:  v18.14.0
[debug] [2024-01-26T12:35:53.729Z] Time:          Fri Jan 26 2024 14:35:53 GMT+0200 (Eastern European Standard Time)
[debug] [2024-01-26T12:35:53.729Z] ----------------------------------------------------------------------
[debug] 
[debug] [2024-01-26T12:35:53.732Z] >>> [apiv2][query] GET https://firebase-public.firebaseio.com/cli.json [none]
[debug] [2024-01-26T12:35:53.775Z] > command requires scopes: ["email","openid","https://www.googleapis.com/auth/cloudplatformprojects.readonly","https://www.googleapis.com/auth/firebase","https://www.googleapis.com/auth/cloud-platform"]
[debug] [2024-01-26T12:35:53.776Z] > authorizing via signed-in user (emirmsali@gmail.com)
[info] 
     ######## #### ########  ######## ########     ###     ######  ########
     ##        ##  ##     ## ##       ##     ##  ##   ##  ##       ##
     ######    ##  ########  ######   ########  #########  ######  ######
     ##        ##  ##    ##  ##       ##     ## ##     ##       ## ##
     ##       #### ##     ## ######## ########  ##     ##  ######  ########

You're about to initialize a Firebase project in this directory:

  D:\expense-tracker

[debug] [2024-01-26T12:35:54.149Z] <<< [apiv2][status] GET https://firebase-public.firebaseio.com/cli.json 200
[debug] [2024-01-26T12:35:54.150Z] <<< [apiv2][body] GET https://firebase-public.firebaseio.com/cli.json {"cloudBuildErrorAfter":1594252800000,"cloudBuildWarnAfter":1590019200000,"defaultNode10After":1594252800000,"minVersion":"3.0.5","node8DeploysDisabledAfter":1613390400000,"node8RuntimeDisabledAfter":1615809600000,"node8WarnAfter":1600128000000}
